<?xml version="1.0" encoding="UTF-8"?>
<!-- Generated by org.testng.reporters.JUnitReportReporter -->
<testsuite hostname="DESKTOP-8UECSCI" failures="0" tests="1" name="testNg_Framework.ClassAssignment" time="5.433" errors="0" timestamp="2025-05-16T12:30:46 IST" skipped="0">
  <testcase classname="testNg_Framework.ClassAssignment" name="test1" time="5.433"/>
</testsuite> <!-- testNg_Framework.ClassAssignment -->
