<?xml version="1.0" encoding="UTF-8"?>
<!-- Generated by org.testng.reporters.JUnitReportReporter -->
<testsuite hostname="DESKTOP-8UECSCI" failures="0" tests="2" name="testNg_Framework.DependencyMethodTestDemo" time="9.361" errors="0" timestamp="2025-04-11T22:47:03 IST" skipped="0">
  <testcase classname="testNg_Framework.DependencyMethodTestDemo" name="login" time="6.553"/>
  <testcase classname="testNg_Framework.DependencyMethodTestDemo" name="setUp" time="2.808"/>
</testsuite> <!-- testNg_Framework.DependencyMethodTestDemo -->
