<?xml version="1.0" encoding="UTF-8"?>
<!-- Generated by org.testng.reporters.JUnitReportReporter -->
<testsuite hostname="DESKTOP-8UECSCI" failures="0" tests="3" name="testNg_Framework.DataProviderDemo" time="44.903" errors="0" timestamp="2025-05-15T15:56:14 IST" skipped="0">
  <testcase classname="testNg_Framework.DataProviderDemo" name="searchMobile" time="10.421"/>
  <testcase classname="testNg_Framework.DataProviderDemo" name="searchMobile" time="15.142"/>
  <testcase classname="testNg_Framework.DataProviderDemo" name="searchMobile" time="19.340"/>
</testsuite> <!-- testNg_Framework.DataProviderDemo -->
