<?xml version="1.0" encoding="UTF-8"?>
<!-- Generated by org.testng.reporters.JUnitReportReporter -->
<testsuite hostname="DESKTOP-8UECSCI" failures="0" tests="3" name="testNg_Framework.OrangeHrmAnnotation" time="10.935" errors="0" timestamp="2025-04-11T20:56:29 IST" skipped="0">
  <testcase classname="testNg_Framework.OrangeHrmAnnotation" name="login" time="3.828"/>
  <testcase classname="testNg_Framework.OrangeHrmAnnotation" name="verifyHomePage" time="0.530"/>
  <testcase classname="testNg_Framework.OrangeHrmAnnotation" name="logout" time="6.577"/>
</testsuite> <!-- testNg_Framework.OrangeHrmAnnotation -->
