<?xml version="1.0" encoding="UTF-8"?>
<!-- Generated by org.testng.reporters.JUnitReportReporter -->
<testsuite hostname="DESKTOP-8UECSCI" failures="0" tests="1" name="pomFrameworkPractice.CallingPOM" time="17.177" errors="0" timestamp="2025-05-16T18:15:51 IST" skipped="0">
  <testcase classname="pomFrameworkPractice.CallingPOM" name="executionMethod" time="17.177"/>
</testsuite> <!-- pomFrameworkPractice.CallingPOM -->
