<?xml version="1.0" encoding="UTF-8"?>
<!-- Generated by org.testng.reporters.JUnitReportReporter -->
<testsuite hostname="DESKTOP-8UECSCI" failures="0" tests="2" name="testNg_Framework.AnnotationDemo" time="0.029" errors="0" timestamp="2025-04-11T20:27:24 IST" skipped="0">
  <testcase classname="testNg_Framework.AnnotationDemo" name="test2" time="0.014"/>
  <testcase classname="testNg_Framework.AnnotationDemo" name="test1" time="0.015"/>
</testsuite> <!-- testNg_Framework.AnnotationDemo -->
