<?xml version="1.0" encoding="UTF-8"?>
<!-- Generated by org.testng.reporters.JUnitReportReporter -->
<testsuite hostname="DESKTOP-8UECSCI" failures="0" tests="6" name="testNg_Framework.CrossBrowserTestDemo" time="55.714" errors="0" timestamp="2025-05-16T11:36:22 IST" skipped="0">
  <testcase classname="testNg_Framework.CrossBrowserTestDemo" name="startApp" time="11.780"/>
  <testcase classname="testNg_Framework.CrossBrowserTestDemo" name="launchBrowser" time="10.803"/>
  <testcase classname="testNg_Framework.CrossBrowserTestDemo" name="launchBrowser" time="5.788"/>
  <testcase classname="testNg_Framework.CrossBrowserTestDemo" name="startApp" time="15.947"/>
  <testcase classname="testNg_Framework.CrossBrowserTestDemo" name="startApp" time="3.122"/>
  <testcase classname="testNg_Framework.CrossBrowserTestDemo" name="launchBrowser" time="8.274"/>
</testsuite> <!-- testNg_Framework.CrossBrowserTestDemo -->
