<?xml version="1.0" encoding="UTF-8"?>
<!-- Generated by org.testng.reporters.JUnitReportReporter -->
<testsuite hostname="DESKTOP-8UECSCI" failures="0" tests="1" name="testNg_Framework.GroupDemo" time="0.014" errors="0" timestamp="2025-05-16T10:59:36 IST" skipped="0">
  <testcase classname="testNg_Framework.GroupDemo" name="test2" time="0.014"/>
</testsuite> <!-- testNg_Framework.GroupDemo -->
