<?xml version="1.0" encoding="UTF-8"?>
<!-- Generated by org.testng.reporters.JUnitReportReporter -->
<testsuite hostname="DESKTOP-8UECSCI" failures="0" tests="1" name="testNg_Framework.parent" time="6.974" errors="0" timestamp="2025-04-11T22:47:03 IST" skipped="0">
  <testcase classname="testNg_Framework.parent" name="setUp" time="6.974"/>
</testsuite> <!-- testNg_Framework.parent -->
