<?xml version="1.0" encoding="UTF-8"?>
<!-- Generated by org.testng.reporters.JUnitReportReporter -->
<testsuite hostname="DESKTOP-8UECSCI" failures="0" tests="6" name="testNg_Framework.GroupDemo" time="0.027" errors="0" timestamp="2025-05-18T12:27:55 IST" skipped="0">
  <testcase classname="testNg_Framework.GroupDemo" name="test7" time="0.003"/>
  <testcase classname="testNg_Framework.GroupDemo" name="test3" time="0.014"/>
  <testcase classname="testNg_Framework.GroupDemo" name="test8" time="0.003"/>
  <testcase classname="testNg_Framework.GroupDemo" name="test9" time="0.001"/>
  <testcase classname="testNg_Framework.GroupDemo" name="test5" time="0.003"/>
  <testcase classname="testNg_Framework.GroupDemo" name="test6" time="0.003"/>
</testsuite> <!-- testNg_Framework.GroupDemo -->
